0 info it worked if it ends with ok
1 verbose cli [ '/usr/bin/nodejs', '/usr/bin/npm', 'install', 'socket' ]
2 info using npm@3.8.6
3 info using node@v6.0.0
4 silly loadCurrentTree Starting
5 silly install loadCurrentTree
6 silly install readLocalPackageData
7 silly fetchPackageMetaData socket
8 silly fetchNamedPackageData socket
9 silly mapToRegistry name socket
10 silly mapToRegistry using default registry
11 silly mapToRegistry registry https://registry.npmjs.org/
12 silly mapToRegistry data Result {
12 silly mapToRegistry   raw: 'socket',
12 silly mapToRegistry   scope: null,
12 silly mapToRegistry   name: 'socket',
12 silly mapToRegistry   rawSpec: '',
12 silly mapToRegistry   spec: 'latest',
12 silly mapToRegistry   type: 'tag' }
13 silly mapToRegistry uri https://registry.npmjs.org/socket
14 verbose request uri https://registry.npmjs.org/socket
15 verbose request no auth needed
16 info attempt registry request try #1 at 2:01:52 PM
17 verbose request id ebc96effb63c258e
18 http request GET https://registry.npmjs.org/socket
19 http 200 https://registry.npmjs.org/socket
20 verbose headers { server: 'CouchDB/1.5.0 (Erlang OTP/R16B03)',
20 verbose headers   etag: '"368QAD6FWDSRRSF0K2VF00IA6"',
20 verbose headers   'content-type': 'application/json',
20 verbose headers   'cache-control': 'max-age=300',
20 verbose headers   'content-length': '1523',
20 verbose headers   'accept-ranges': 'bytes',
20 verbose headers   date: 'Mon, 09 May 2016 12:01:53 GMT',
20 verbose headers   via: '1.1 varnish',
20 verbose headers   age: '0',
20 verbose headers   connection: 'keep-alive',
20 verbose headers   'x-served-by': 'cache-ams4148-AMS',
20 verbose headers   'x-cache': 'MISS',
20 verbose headers   'x-cache-hits': '0',
20 verbose headers   'x-timer': 'S1462795313.087184,VS0,VE108',
20 verbose headers   vary: 'Accept-Encoding' }
21 silly get cb [ 200,
21 silly get   { server: 'CouchDB/1.5.0 (Erlang OTP/R16B03)',
21 silly get     etag: '"368QAD6FWDSRRSF0K2VF00IA6"',
21 silly get     'content-type': 'application/json',
21 silly get     'cache-control': 'max-age=300',
21 silly get     'content-length': '1523',
21 silly get     'accept-ranges': 'bytes',
21 silly get     date: 'Mon, 09 May 2016 12:01:53 GMT',
21 silly get     via: '1.1 varnish',
21 silly get     age: '0',
21 silly get     connection: 'keep-alive',
21 silly get     'x-served-by': 'cache-ams4148-AMS',
21 silly get     'x-cache': 'MISS',
21 silly get     'x-cache-hits': '0',
21 silly get     'x-timer': 'S1462795313.087184,VS0,VE108',
21 silly get     vary: 'Accept-Encoding' } ]
22 verbose get saving socket to /home/demathieu/.npm/registry.npmjs.org/socket/.cache.json
23 verbose correctMkdir /home/demathieu/.npm correctMkdir not in flight; initializing
24 silly install normalizeTree
25 silly loadCurrentTree Finishing
26 silly loadIdealTree Starting
27 silly install loadIdealTree
28 silly cloneCurrentTree Starting
29 silly install cloneCurrentTreeToIdealTree
30 silly cloneCurrentTree Finishing
31 silly loadShrinkwrap Starting
32 silly install loadShrinkwrap
33 silly loadShrinkwrap Finishing
34 silly loadAllDepsIntoIdealTree Starting
35 silly install loadAllDepsIntoIdealTree
36 silly resolveWithNewModule socket@0.0.1 checking installable status
37 silly cache add args [ 'socket', null ]
38 verbose cache add spec socket
39 silly cache add parsed spec Result {
39 silly cache add   raw: 'socket',
39 silly cache add   scope: null,
39 silly cache add   name: 'socket',
39 silly cache add   rawSpec: '',
39 silly cache add   spec: 'latest',
39 silly cache add   type: 'tag' }
40 silly addNamed socket@latest
41 verbose addNamed "latest" is being treated as a dist-tag for socket
42 info addNameTag [ 'socket', 'latest' ]
43 silly mapToRegistry name socket
44 silly mapToRegistry using default registry
45 silly mapToRegistry registry https://registry.npmjs.org/
46 silly mapToRegistry data Result {
46 silly mapToRegistry   raw: 'socket',
46 silly mapToRegistry   scope: null,
46 silly mapToRegistry   name: 'socket',
46 silly mapToRegistry   rawSpec: '',
46 silly mapToRegistry   spec: 'latest',
46 silly mapToRegistry   type: 'tag' }
47 silly mapToRegistry uri https://registry.npmjs.org/socket
48 verbose addNameTag registry:https://registry.npmjs.org/socket not in flight; fetching
49 verbose get https://registry.npmjs.org/socket not expired, no request
50 silly addNameTag next cb for socket with tag latest
51 silly addNamed socket@0.0.1
52 verbose addNamed "0.0.1" is a plain semver version for socket
53 silly mapToRegistry name socket
54 silly mapToRegistry using default registry
55 silly mapToRegistry registry https://registry.npmjs.org/
56 silly mapToRegistry data Result {
56 silly mapToRegistry   raw: 'socket',
56 silly mapToRegistry   scope: null,
56 silly mapToRegistry   name: 'socket',
56 silly mapToRegistry   rawSpec: '',
56 silly mapToRegistry   spec: 'latest',
56 silly mapToRegistry   type: 'tag' }
57 silly mapToRegistry uri https://registry.npmjs.org/socket
58 verbose addRemoteTarball https://registry.npmjs.org/socket/-/socket-0.0.1.tgz not in flight; adding
59 verbose addRemoteTarball [ 'https://registry.npmjs.org/socket/-/socket-0.0.1.tgz',
59 verbose addRemoteTarball   '29ac6549f15a65b19f3444a4178d537a8c161a8b' ]
60 info retry fetch attempt 1 at 2:01:53 PM
61 info attempt registry request try #1 at 2:01:53 PM
62 http fetch GET https://registry.npmjs.org/socket/-/socket-0.0.1.tgz
63 http fetch 200 https://registry.npmjs.org/socket/-/socket-0.0.1.tgz
64 silly fetchAndShaCheck shasum 29ac6549f15a65b19f3444a4178d537a8c161a8b
65 verbose addTmpTarball /tmp/npm-10840-5d7ca7bd/registry.npmjs.org/socket/-/socket-0.0.1.tgz not in flight; adding
66 verbose addTmpTarball already have metadata; skipping unpack for socket@0.0.1
67 verbose correctMkdir /home/demathieu/.npm correctMkdir not in flight; initializing
68 silly cache afterAdd socket@0.0.1
69 verbose afterAdd /home/demathieu/.npm/socket/0.0.1/package/package.json not in flight; writing
70 verbose correctMkdir /home/demathieu/.npm correctMkdir not in flight; initializing
71 verbose afterAdd /home/demathieu/.npm/socket/0.0.1/package/package.json written
72 silly fetchNamedPackageData microtime
73 silly mapToRegistry name microtime
74 silly mapToRegistry using default registry
75 silly mapToRegistry registry https://registry.npmjs.org/
76 silly mapToRegistry data Result {
76 silly mapToRegistry   raw: 'microtime',
76 silly mapToRegistry   scope: null,
76 silly mapToRegistry   name: 'microtime',
76 silly mapToRegistry   rawSpec: '',
76 silly mapToRegistry   spec: 'latest',
76 silly mapToRegistry   type: 'tag' }
77 silly mapToRegistry uri https://registry.npmjs.org/microtime
78 verbose request uri https://registry.npmjs.org/microtime
79 verbose request no auth needed
80 info attempt registry request try #1 at 2:01:53 PM
81 http request GET https://registry.npmjs.org/microtime
82 http 200 https://registry.npmjs.org/microtime
83 verbose headers { server: 'CouchDB/1.5.0 (Erlang OTP/R16B03)',
83 verbose headers   etag: '"CY4W4AMZENELSMKJJB6A8AVPV"',
83 verbose headers   'content-type': 'application/json',
83 verbose headers   'cache-control': 'max-age=300',
83 verbose headers   'content-length': '28293',
83 verbose headers   'accept-ranges': 'bytes',
83 verbose headers   date: 'Mon, 09 May 2016 12:01:53 GMT',
83 verbose headers   via: '1.1 varnish',
83 verbose headers   age: '0',
83 verbose headers   connection: 'keep-alive',
83 verbose headers   'x-served-by': 'cache-ams4148-AMS',
83 verbose headers   'x-cache': 'HIT',
83 verbose headers   'x-cache-hits': '1',
83 verbose headers   'x-timer': 'S1462795313.559037,VS0,VE174',
83 verbose headers   vary: 'Accept-Encoding' }
84 silly get cb [ 200,
84 silly get   { server: 'CouchDB/1.5.0 (Erlang OTP/R16B03)',
84 silly get     etag: '"CY4W4AMZENELSMKJJB6A8AVPV"',
84 silly get     'content-type': 'application/json',
84 silly get     'cache-control': 'max-age=300',
84 silly get     'content-length': '28293',
84 silly get     'accept-ranges': 'bytes',
84 silly get     date: 'Mon, 09 May 2016 12:01:53 GMT',
84 silly get     via: '1.1 varnish',
84 silly get     age: '0',
84 silly get     connection: 'keep-alive',
84 silly get     'x-served-by': 'cache-ams4148-AMS',
84 silly get     'x-cache': 'HIT',
84 silly get     'x-cache-hits': '1',
84 silly get     'x-timer': 'S1462795313.559037,VS0,VE174',
84 silly get     vary: 'Accept-Encoding' } ]
85 verbose get saving microtime to /home/demathieu/.npm/registry.npmjs.org/microtime/.cache.json
86 verbose correctMkdir /home/demathieu/.npm correctMkdir not in flight; initializing
87 silly resolveWithNewModule microtime@0.2.0 checking installable status
88 silly cache add args [ 'microtime@=0.2.0', null ]
89 verbose cache add spec microtime@=0.2.0
90 silly cache add parsed spec Result {
90 silly cache add   raw: 'microtime@=0.2.0',
90 silly cache add   scope: null,
90 silly cache add   name: 'microtime',
90 silly cache add   rawSpec: '=0.2.0',
90 silly cache add   spec: '0.2.0',
90 silly cache add   type: 'version' }
91 silly addNamed microtime@0.2.0
92 verbose addNamed "0.2.0" is a plain semver version for microtime
93 silly mapToRegistry name microtime
94 silly mapToRegistry using default registry
95 silly mapToRegistry registry https://registry.npmjs.org/
96 silly mapToRegistry data Result {
96 silly mapToRegistry   raw: 'microtime',
96 silly mapToRegistry   scope: null,
96 silly mapToRegistry   name: 'microtime',
96 silly mapToRegistry   rawSpec: '',
96 silly mapToRegistry   spec: 'latest',
96 silly mapToRegistry   type: 'tag' }
97 silly mapToRegistry uri https://registry.npmjs.org/microtime
98 verbose addNameVersion registry:https://registry.npmjs.org/microtime not in flight; fetching
99 verbose get https://registry.npmjs.org/microtime not expired, no request
100 silly mapToRegistry name microtime
101 silly mapToRegistry using default registry
102 silly mapToRegistry registry https://registry.npmjs.org/
103 silly mapToRegistry data Result {
103 silly mapToRegistry   raw: 'microtime',
103 silly mapToRegistry   scope: null,
103 silly mapToRegistry   name: 'microtime',
103 silly mapToRegistry   rawSpec: '',
103 silly mapToRegistry   spec: 'latest',
103 silly mapToRegistry   type: 'tag' }
104 silly mapToRegistry uri https://registry.npmjs.org/microtime
105 verbose addRemoteTarball https://registry.npmjs.org/microtime/-/microtime-0.2.0.tgz not in flight; adding
106 verbose addRemoteTarball [ 'https://registry.npmjs.org/microtime/-/microtime-0.2.0.tgz',
106 verbose addRemoteTarball   '45ee5cb061f9948a3ade221e620d5117a8a2bdb4' ]
107 info retry fetch attempt 1 at 2:01:53 PM
108 info attempt registry request try #1 at 2:01:53 PM
109 http fetch GET https://registry.npmjs.org/microtime/-/microtime-0.2.0.tgz
110 http fetch 200 https://registry.npmjs.org/microtime/-/microtime-0.2.0.tgz
111 silly fetchAndShaCheck shasum 45ee5cb061f9948a3ade221e620d5117a8a2bdb4
112 verbose addTmpTarball /tmp/npm-10840-5d7ca7bd/registry.npmjs.org/microtime/-/microtime-0.2.0.tgz not in flight; adding
113 verbose addTmpTarball already have metadata; skipping unpack for microtime@0.2.0
114 verbose correctMkdir /home/demathieu/.npm correctMkdir not in flight; initializing
115 silly cache afterAdd microtime@0.2.0
116 verbose afterAdd /home/demathieu/.npm/microtime/0.2.0/package/package.json not in flight; writing
117 verbose correctMkdir /home/demathieu/.npm correctMkdir not in flight; initializing
118 verbose afterAdd /home/demathieu/.npm/microtime/0.2.0/package/package.json written
119 silly loadAllDepsIntoIdealTree Finishing
120 silly idealTree:prePrune Ewallet
120 silly idealTree:prePrune ├── accepts@1.1.4
120 silly idealTree:prePrune ├── after@0.8.1
120 silly idealTree:prePrune ├─┬ array.prototype.find@2.0.0
120 silly idealTree:prePrune │ ├─┬ define-properties@1.1.2
120 silly idealTree:prePrune │ │ ├── foreach@2.0.5
120 silly idealTree:prePrune │ │ └── object-keys@1.0.9
120 silly idealTree:prePrune │ └─┬ es-abstract@1.5.0
120 silly idealTree:prePrune │   ├─┬ es-to-primitive@1.1.1
120 silly idealTree:prePrune │   │ ├── is-date-object@1.0.1
120 silly idealTree:prePrune │   │ └── is-symbol@1.0.1
120 silly idealTree:prePrune │   ├── function-bind@1.1.0
120 silly idealTree:prePrune │   ├── is-callable@1.1.3
120 silly idealTree:prePrune │   └── is-regex@1.0.3
120 silly idealTree:prePrune ├── arraybuffer.slice@0.0.6
120 silly idealTree:prePrune ├── backo2@1.0.2
120 silly idealTree:prePrune ├── base64-arraybuffer@0.1.2
120 silly idealTree:prePrune ├── base64id@0.1.0
120 silly idealTree:prePrune ├── benchmark@1.0.0
120 silly idealTree:prePrune ├── better-assert@1.0.2
120 silly idealTree:prePrune ├── blob@0.0.4
120 silly idealTree:prePrune ├── callsite@1.0.0
120 silly idealTree:prePrune ├─┬ chai@3.4.1
120 silly idealTree:prePrune │ ├── assertion-error@1.0.1
120 silly idealTree:prePrune │ ├─┬ deep-eql@0.1.3
120 silly idealTree:prePrune │ │ └── type-detect@0.1.1
120 silly idealTree:prePrune │ └── type-detect@1.0.0
120 silly idealTree:prePrune ├── component-bind@1.0.0
120 silly idealTree:prePrune ├── component-emitter@1.1.2
120 silly idealTree:prePrune ├── component-inherit@0.0.3
120 silly idealTree:prePrune ├── debug@2.2.0
120 silly idealTree:prePrune ├── engine.io-client@1.6.9
120 silly idealTree:prePrune ├─┬ engine.io-parser@1.2.4
120 silly idealTree:prePrune │ └── has-binary@0.1.6
120 silly idealTree:prePrune ├── engine.io@1.6.9
120 silly idealTree:prePrune ├─┬ express@4.13.3
120 silly idealTree:prePrune │ ├─┬ accepts@1.2.13
120 silly idealTree:prePrune │ │ ├─┬ mime-types@2.1.7
120 silly idealTree:prePrune │ │ │ └── mime-db@1.19.0
120 silly idealTree:prePrune │ │ └── negotiator@0.5.3
120 silly idealTree:prePrune │ ├── array-flatten@1.1.1
120 silly idealTree:prePrune │ ├── content-disposition@0.5.0
120 silly idealTree:prePrune │ ├── content-type@1.0.1
120 silly idealTree:prePrune │ ├── cookie-signature@1.0.6
120 silly idealTree:prePrune │ ├── cookie@0.1.3
120 silly idealTree:prePrune │ ├─┬ debug@2.2.0
120 silly idealTree:prePrune │ │ └── ms@0.7.1
120 silly idealTree:prePrune │ ├── depd@1.0.1
120 silly idealTree:prePrune │ ├── escape-html@1.0.2
120 silly idealTree:prePrune │ ├── etag@1.7.0
120 silly idealTree:prePrune │ ├─┬ finalhandler@0.4.0
120 silly idealTree:prePrune │ │ └── unpipe@1.0.0
120 silly idealTree:prePrune │ ├── fresh@0.3.0
120 silly idealTree:prePrune │ ├── merge-descriptors@1.0.0
120 silly idealTree:prePrune │ ├── methods@1.1.1
120 silly idealTree:prePrune │ ├─┬ on-finished@2.3.0
120 silly idealTree:prePrune │ │ └── ee-first@1.1.1
120 silly idealTree:prePrune │ ├── parseurl@1.3.0
120 silly idealTree:prePrune │ ├── path-to-regexp@0.1.7
120 silly idealTree:prePrune │ ├─┬ proxy-addr@1.0.8
120 silly idealTree:prePrune │ │ ├── forwarded@0.1.0
120 silly idealTree:prePrune │ │ └── ipaddr.js@1.0.1
120 silly idealTree:prePrune │ ├── qs@4.0.0
120 silly idealTree:prePrune │ ├── range-parser@1.0.3
120 silly idealTree:prePrune │ ├─┬ send@0.13.0
120 silly idealTree:prePrune │ │ ├── destroy@1.0.3
120 silly idealTree:prePrune │ │ ├─┬ http-errors@1.3.1
120 silly idealTree:prePrune │ │ │ └── inherits@2.0.1
120 silly idealTree:prePrune │ │ ├── mime@1.3.4
120 silly idealTree:prePrune │ │ ├── ms@0.7.1
120 silly idealTree:prePrune │ │ └── statuses@1.2.1
120 silly idealTree:prePrune │ ├── serve-static@1.10.0
120 silly idealTree:prePrune │ ├─┬ type-is@1.6.9
120 silly idealTree:prePrune │ │ ├── media-typer@0.3.0
120 silly idealTree:prePrune │ │ └─┬ mime-types@2.1.7
120 silly idealTree:prePrune │ │   └── mime-db@1.19.0
120 silly idealTree:prePrune │ ├── utils-merge@1.0.0
120 silly idealTree:prePrune │ └── vary@1.0.1
120 silly idealTree:prePrune ├── harmony-reflect@1.4.2
120 silly idealTree:prePrune ├── has-binary@0.1.7
120 silly idealTree:prePrune ├── has-cors@1.1.0
120 silly idealTree:prePrune ├── indexof@0.0.1
120 silly idealTree:prePrune ├── isarray@0.0.1
120 silly idealTree:prePrune ├── json3@3.2.6
120 silly idealTree:prePrune ├── lodash@4.11.1
120 silly idealTree:prePrune ├── microtime@0.2.0
120 silly idealTree:prePrune ├── mime-db@1.12.0
120 silly idealTree:prePrune ├── mime-types@2.0.14
120 silly idealTree:prePrune ├── ms@0.7.1
120 silly idealTree:prePrune ├── negotiator@0.4.9
120 silly idealTree:prePrune ├── object-component@0.0.3
120 silly idealTree:prePrune ├── options@0.0.6
120 silly idealTree:prePrune ├── parsejson@0.0.1
120 silly idealTree:prePrune ├── parseqs@0.0.2
120 silly idealTree:prePrune ├── parseuri@0.0.4
120 silly idealTree:prePrune ├── schema-validator@3.3.0
120 silly idealTree:prePrune ├─┬ socket.io-adapter@0.4.0
120 silly idealTree:prePrune │ └─┬ socket.io-parser@2.2.2
120 silly idealTree:prePrune │   └── debug@0.7.4
120 silly idealTree:prePrune ├─┬ socket.io-client@1.4.6
120 silly idealTree:prePrune │ └── component-emitter@1.2.0
120 silly idealTree:prePrune ├─┬ socket.io-parser@2.2.6
120 silly idealTree:prePrune │ └── json3@3.3.2
120 silly idealTree:prePrune ├── socket.io@1.4.6
120 silly idealTree:prePrune ├── socket@0.0.1
120 silly idealTree:prePrune ├── to-array@0.1.4
120 silly idealTree:prePrune ├── traits.js@1.0.3
120 silly idealTree:prePrune ├── ultron@1.0.2
120 silly idealTree:prePrune ├── utf8@2.1.0
120 silly idealTree:prePrune ├── ws@1.0.1
120 silly idealTree:prePrune ├── xmlhttprequest-ssl@1.5.1
120 silly idealTree:prePrune └── yeast@0.1.2
121 silly loadIdealTree Finishing
122 silly currentTree Ewallet
122 silly currentTree ├── accepts@1.1.4
122 silly currentTree ├── after@0.8.1
122 silly currentTree ├─┬ array.prototype.find@2.0.0
122 silly currentTree │ ├─┬ define-properties@1.1.2
122 silly currentTree │ │ ├── foreach@2.0.5
122 silly currentTree │ │ └── object-keys@1.0.9
122 silly currentTree │ └─┬ es-abstract@1.5.0
122 silly currentTree │   ├─┬ es-to-primitive@1.1.1
122 silly currentTree │   │ ├── is-date-object@1.0.1
122 silly currentTree │   │ └── is-symbol@1.0.1
122 silly currentTree │   ├── function-bind@1.1.0
122 silly currentTree │   ├── is-callable@1.1.3
122 silly currentTree │   └── is-regex@1.0.3
122 silly currentTree ├── arraybuffer.slice@0.0.6
122 silly currentTree ├── backo2@1.0.2
122 silly currentTree ├── base64-arraybuffer@0.1.2
122 silly currentTree ├── base64id@0.1.0
122 silly currentTree ├── benchmark@1.0.0
122 silly currentTree ├── better-assert@1.0.2
122 silly currentTree ├── blob@0.0.4
122 silly currentTree ├── callsite@1.0.0
122 silly currentTree ├─┬ chai@3.4.1
122 silly currentTree │ ├── assertion-error@1.0.1
122 silly currentTree │ ├─┬ deep-eql@0.1.3
122 silly currentTree │ │ └── type-detect@0.1.1
122 silly currentTree │ └── type-detect@1.0.0
122 silly currentTree ├── component-bind@1.0.0
122 silly currentTree ├── component-emitter@1.1.2
122 silly currentTree ├── component-inherit@0.0.3
122 silly currentTree ├── debug@2.2.0
122 silly currentTree ├── engine.io-client@1.6.9
122 silly currentTree ├─┬ engine.io-parser@1.2.4
122 silly currentTree │ └── has-binary@0.1.6
122 silly currentTree ├── engine.io@1.6.9
122 silly currentTree ├─┬ express@4.13.3
122 silly currentTree │ ├─┬ accepts@1.2.13
122 silly currentTree │ │ ├─┬ mime-types@2.1.7
122 silly currentTree │ │ │ └── mime-db@1.19.0
122 silly currentTree │ │ └── negotiator@0.5.3
122 silly currentTree │ ├── array-flatten@1.1.1
122 silly currentTree │ ├── content-disposition@0.5.0
122 silly currentTree │ ├── content-type@1.0.1
122 silly currentTree │ ├── cookie-signature@1.0.6
122 silly currentTree │ ├── cookie@0.1.3
122 silly currentTree │ ├─┬ debug@2.2.0
122 silly currentTree │ │ └── ms@0.7.1
122 silly currentTree │ ├── depd@1.0.1
122 silly currentTree │ ├── escape-html@1.0.2
122 silly currentTree │ ├── etag@1.7.0
122 silly currentTree │ ├─┬ finalhandler@0.4.0
122 silly currentTree │ │ └── unpipe@1.0.0
122 silly currentTree │ ├── fresh@0.3.0
122 silly currentTree │ ├── merge-descriptors@1.0.0
122 silly currentTree │ ├── methods@1.1.1
122 silly currentTree │ ├─┬ on-finished@2.3.0
122 silly currentTree │ │ └── ee-first@1.1.1
122 silly currentTree │ ├── parseurl@1.3.0
122 silly currentTree │ ├── path-to-regexp@0.1.7
122 silly currentTree │ ├─┬ proxy-addr@1.0.8
122 silly currentTree │ │ ├── forwarded@0.1.0
122 silly currentTree │ │ └── ipaddr.js@1.0.1
122 silly currentTree │ ├── qs@4.0.0
122 silly currentTree │ ├── range-parser@1.0.3
122 silly currentTree │ ├─┬ send@0.13.0
122 silly currentTree │ │ ├── destroy@1.0.3
122 silly currentTree │ │ ├─┬ http-errors@1.3.1
122 silly currentTree │ │ │ └── inherits@2.0.1
122 silly currentTree │ │ ├── mime@1.3.4
122 silly currentTree │ │ ├── ms@0.7.1
122 silly currentTree │ │ └── statuses@1.2.1
122 silly currentTree │ ├── serve-static@1.10.0
122 silly currentTree │ ├─┬ type-is@1.6.9
122 silly currentTree │ │ ├── media-typer@0.3.0
122 silly currentTree │ │ └─┬ mime-types@2.1.7
122 silly currentTree │ │   └── mime-db@1.19.0
122 silly currentTree │ ├── utils-merge@1.0.0
122 silly currentTree │ └── vary@1.0.1
122 silly currentTree ├── harmony-reflect@1.4.2
122 silly currentTree ├── has-binary@0.1.7
122 silly currentTree ├── has-cors@1.1.0
122 silly currentTree ├── indexof@0.0.1
122 silly currentTree ├── isarray@0.0.1
122 silly currentTree ├── json3@3.2.6
122 silly currentTree ├── lodash@4.11.1
122 silly currentTree ├── mime-db@1.12.0
122 silly currentTree ├── mime-types@2.0.14
122 silly currentTree ├── ms@0.7.1
122 silly currentTree ├── negotiator@0.4.9
122 silly currentTree ├── object-component@0.0.3
122 silly currentTree ├── options@0.0.6
122 silly currentTree ├── parsejson@0.0.1
122 silly currentTree ├── parseqs@0.0.2
122 silly currentTree ├── parseuri@0.0.4
122 silly currentTree ├── schema-validator@3.3.0
122 silly currentTree ├─┬ socket.io-adapter@0.4.0
122 silly currentTree │ └─┬ socket.io-parser@2.2.2
122 silly currentTree │   └── debug@0.7.4
122 silly currentTree ├─┬ socket.io-client@1.4.6
122 silly currentTree │ └── component-emitter@1.2.0
122 silly currentTree ├─┬ socket.io-parser@2.2.6
122 silly currentTree │ └── json3@3.3.2
122 silly currentTree ├── socket.io@1.4.6
122 silly currentTree ├── to-array@0.1.4
122 silly currentTree ├── traits.js@1.0.3
122 silly currentTree ├── ultron@1.0.2
122 silly currentTree ├── utf8@2.1.0
122 silly currentTree ├── ws@1.0.1
122 silly currentTree ├── xmlhttprequest-ssl@1.5.1
122 silly currentTree └── yeast@0.1.2
123 silly idealTree Ewallet
123 silly idealTree ├── accepts@1.1.4
123 silly idealTree ├── after@0.8.1
123 silly idealTree ├─┬ array.prototype.find@2.0.0
123 silly idealTree │ ├─┬ define-properties@1.1.2
123 silly idealTree │ │ ├── foreach@2.0.5
123 silly idealTree │ │ └── object-keys@1.0.9
123 silly idealTree │ └─┬ es-abstract@1.5.0
123 silly idealTree │   ├─┬ es-to-primitive@1.1.1
123 silly idealTree │   │ ├── is-date-object@1.0.1
123 silly idealTree │   │ └── is-symbol@1.0.1
123 silly idealTree │   ├── function-bind@1.1.0
123 silly idealTree │   ├── is-callable@1.1.3
123 silly idealTree │   └── is-regex@1.0.3
123 silly idealTree ├── arraybuffer.slice@0.0.6
123 silly idealTree ├── backo2@1.0.2
123 silly idealTree ├── base64-arraybuffer@0.1.2
123 silly idealTree ├── base64id@0.1.0
123 silly idealTree ├── benchmark@1.0.0
123 silly idealTree ├── better-assert@1.0.2
123 silly idealTree ├── blob@0.0.4
123 silly idealTree ├── callsite@1.0.0
123 silly idealTree ├─┬ chai@3.4.1
123 silly idealTree │ ├── assertion-error@1.0.1
123 silly idealTree │ ├─┬ deep-eql@0.1.3
123 silly idealTree │ │ └── type-detect@0.1.1
123 silly idealTree │ └── type-detect@1.0.0
123 silly idealTree ├── component-bind@1.0.0
123 silly idealTree ├── component-emitter@1.1.2
123 silly idealTree ├── component-inherit@0.0.3
123 silly idealTree ├── debug@2.2.0
123 silly idealTree ├── engine.io-client@1.6.9
123 silly idealTree ├─┬ engine.io-parser@1.2.4
123 silly idealTree │ └── has-binary@0.1.6
123 silly idealTree ├── engine.io@1.6.9
123 silly idealTree ├─┬ express@4.13.3
123 silly idealTree │ ├─┬ accepts@1.2.13
123 silly idealTree │ │ ├─┬ mime-types@2.1.7
123 silly idealTree │ │ │ └── mime-db@1.19.0
123 silly idealTree │ │ └── negotiator@0.5.3
123 silly idealTree │ ├── array-flatten@1.1.1
123 silly idealTree │ ├── content-disposition@0.5.0
123 silly idealTree │ ├── content-type@1.0.1
123 silly idealTree │ ├── cookie-signature@1.0.6
123 silly idealTree │ ├── cookie@0.1.3
123 silly idealTree │ ├─┬ debug@2.2.0
123 silly idealTree │ │ └── ms@0.7.1
123 silly idealTree │ ├── depd@1.0.1
123 silly idealTree │ ├── escape-html@1.0.2
123 silly idealTree │ ├── etag@1.7.0
123 silly idealTree │ ├─┬ finalhandler@0.4.0
123 silly idealTree │ │ └── unpipe@1.0.0
123 silly idealTree │ ├── fresh@0.3.0
123 silly idealTree │ ├── merge-descriptors@1.0.0
123 silly idealTree │ ├── methods@1.1.1
123 silly idealTree │ ├─┬ on-finished@2.3.0
123 silly idealTree │ │ └── ee-first@1.1.1
123 silly idealTree │ ├── parseurl@1.3.0
123 silly idealTree │ ├── path-to-regexp@0.1.7
123 silly idealTree │ ├─┬ proxy-addr@1.0.8
123 silly idealTree │ │ ├── forwarded@0.1.0
123 silly idealTree │ │ └── ipaddr.js@1.0.1
123 silly idealTree │ ├── qs@4.0.0
123 silly idealTree │ ├── range-parser@1.0.3
123 silly idealTree │ ├─┬ send@0.13.0
123 silly idealTree │ │ ├── destroy@1.0.3
123 silly idealTree │ │ ├─┬ http-errors@1.3.1
123 silly idealTree │ │ │ └── inherits@2.0.1
123 silly idealTree │ │ ├── mime@1.3.4
123 silly idealTree │ │ ├── ms@0.7.1
123 silly idealTree │ │ └── statuses@1.2.1
123 silly idealTree │ ├── serve-static@1.10.0
123 silly idealTree │ ├─┬ type-is@1.6.9
123 silly idealTree │ │ ├── media-typer@0.3.0
123 silly idealTree │ │ └─┬ mime-types@2.1.7
123 silly idealTree │ │   └── mime-db@1.19.0
123 silly idealTree │ ├── utils-merge@1.0.0
123 silly idealTree │ └── vary@1.0.1
123 silly idealTree ├── harmony-reflect@1.4.2
123 silly idealTree ├── has-binary@0.1.7
123 silly idealTree ├── has-cors@1.1.0
123 silly idealTree ├── indexof@0.0.1
123 silly idealTree ├── isarray@0.0.1
123 silly idealTree ├── json3@3.2.6
123 silly idealTree ├── lodash@4.11.1
123 silly idealTree ├── microtime@0.2.0
123 silly idealTree ├── mime-db@1.12.0
123 silly idealTree ├── mime-types@2.0.14
123 silly idealTree ├── ms@0.7.1
123 silly idealTree ├── negotiator@0.4.9
123 silly idealTree ├── object-component@0.0.3
123 silly idealTree ├── options@0.0.6
123 silly idealTree ├── parsejson@0.0.1
123 silly idealTree ├── parseqs@0.0.2
123 silly idealTree ├── parseuri@0.0.4
123 silly idealTree ├── schema-validator@3.3.0
123 silly idealTree ├─┬ socket.io-adapter@0.4.0
123 silly idealTree │ └─┬ socket.io-parser@2.2.2
123 silly idealTree │   └── debug@0.7.4
123 silly idealTree ├─┬ socket.io-client@1.4.6
123 silly idealTree │ └── component-emitter@1.2.0
123 silly idealTree ├─┬ socket.io-parser@2.2.6
123 silly idealTree │ └── json3@3.3.2
123 silly idealTree ├── socket.io@1.4.6
123 silly idealTree ├── socket@0.0.1
123 silly idealTree ├── to-array@0.1.4
123 silly idealTree ├── traits.js@1.0.3
123 silly idealTree ├── ultron@1.0.2
123 silly idealTree ├── utf8@2.1.0
123 silly idealTree ├── ws@1.0.1
123 silly idealTree ├── xmlhttprequest-ssl@1.5.1
123 silly idealTree └── yeast@0.1.2
124 silly generateActionsToTake Starting
125 silly install generateActionsToTake
126 silly generateActionsToTake Finishing
127 silly diffTrees action count 3
128 silly diffTrees add microtime@0.2.0
129 silly diffTrees add socket@0.0.1
130 silly diffTrees update socket.io@1.4.6
131 silly decomposeActions action count 24
132 silly decomposeActions fetch microtime@0.2.0
133 silly decomposeActions extract microtime@0.2.0
134 silly decomposeActions test microtime@0.2.0
135 silly decomposeActions preinstall microtime@0.2.0
136 silly decomposeActions build microtime@0.2.0
137 silly decomposeActions install microtime@0.2.0
138 silly decomposeActions postinstall microtime@0.2.0
139 silly decomposeActions finalize microtime@0.2.0
140 silly decomposeActions fetch socket@0.0.1
141 silly decomposeActions extract socket@0.0.1
142 silly decomposeActions test socket@0.0.1
143 silly decomposeActions preinstall socket@0.0.1
144 silly decomposeActions build socket@0.0.1
145 silly decomposeActions install socket@0.0.1
146 silly decomposeActions postinstall socket@0.0.1
147 silly decomposeActions finalize socket@0.0.1
148 silly decomposeActions fetch socket.io@1.4.6
149 silly decomposeActions extract socket.io@1.4.6
150 silly decomposeActions test socket.io@1.4.6
151 silly decomposeActions preinstall socket.io@1.4.6
152 silly decomposeActions build socket.io@1.4.6
153 silly decomposeActions install socket.io@1.4.6
154 silly decomposeActions postinstall socket.io@1.4.6
155 silly decomposeActions finalize socket.io@1.4.6
156 silly executeActions Starting
157 silly install executeActions
158 silly doSerial global-install 0
159 silly doParallel fetch 3
160 verbose correctMkdir /home/demathieu/.npm/_locks correctMkdir not in flight; initializing
161 verbose lock using /home/demathieu/.npm/_locks/staging-808fa8b603d34e0c.lock for /home/demathieu/Ewallet/node_modules/.staging
162 silly doParallel extract 3
163 silly extract microtime@0.2.0
164 silly extract socket@0.0.1
165 silly extract socket.io@1.4.6
166 verbose unbuild node_modules/.staging/microtime-b3755539
167 verbose unbuild node_modules/.staging/socket-7466679d
168 verbose unbuild node_modules/.staging/socket.io-210e1196
169 silly gentlyRm /home/demathieu/Ewallet/node_modules/.staging/microtime-b3755539 is being purged from base /home/demathieu/Ewallet
170 verbose gentlyRm don't care about contents; nuking /home/demathieu/Ewallet/node_modules/.staging/microtime-b3755539
171 silly gentlyRm /home/demathieu/Ewallet/node_modules/.staging/socket-7466679d is being purged from base /home/demathieu/Ewallet
172 verbose gentlyRm don't care about contents; nuking /home/demathieu/Ewallet/node_modules/.staging/socket-7466679d
173 silly gentlyRm /home/demathieu/Ewallet/node_modules/.staging/socket.io-210e1196 is being purged from base /home/demathieu/Ewallet
174 verbose gentlyRm don't care about contents; nuking /home/demathieu/Ewallet/node_modules/.staging/socket.io-210e1196
175 verbose tar unpack /home/demathieu/.npm/microtime/0.2.0/package.tgz
176 verbose tar unpacking to /home/demathieu/Ewallet/node_modules/.staging/microtime-b3755539
177 silly gentlyRm /home/demathieu/Ewallet/node_modules/.staging/microtime-b3755539 is being purged
178 verbose gentlyRm don't care about contents; nuking /home/demathieu/Ewallet/node_modules/.staging/microtime-b3755539
179 verbose tar unpack /home/demathieu/.npm/socket/0.0.1/package.tgz
180 verbose tar unpacking to /home/demathieu/Ewallet/node_modules/.staging/socket-7466679d
181 silly gentlyRm /home/demathieu/Ewallet/node_modules/.staging/socket-7466679d is being purged
182 verbose gentlyRm don't care about contents; nuking /home/demathieu/Ewallet/node_modules/.staging/socket-7466679d
183 verbose tar unpack /home/demathieu/.npm/socket.io/1.4.6/package.tgz
184 verbose tar unpacking to /home/demathieu/Ewallet/node_modules/.staging/socket.io-210e1196
185 silly gentlyRm /home/demathieu/Ewallet/node_modules/.staging/socket.io-210e1196 is being purged
186 verbose gentlyRm don't care about contents; nuking /home/demathieu/Ewallet/node_modules/.staging/socket.io-210e1196
187 silly gunzTarPerm modes [ '755', '644' ]
188 silly gunzTarPerm modes [ '755', '644' ]
189 silly gunzTarPerm modes [ '755', '644' ]
190 silly gunzTarPerm extractEntry index.js
191 silly gunzTarPerm extractEntry examples/
192 silly gunzTarPerm extractEntry package.json
193 silly gunzTarPerm extractEntry LICENSE
194 silly gunzTarPerm extractEntry package.json
195 silly gunzTarPerm extractEntry examples/echo-server.js
196 silly gunzTarPerm extractEntry examples/simple-test.js
197 silly gunzTarPerm extractEntry examples/simple-time-server.js
198 silly gunzTarPerm extractEntry .npmignore
199 silly gunzTarPerm extractEntry LICENSE
200 silly gunzTarPerm extractEntry index.js
201 silly gunzTarPerm extractEntry lib/
202 silly gunzTarPerm extractEntry README.md
203 silly gunzTarPerm extractEntry test.js
204 silly gunzTarPerm extractEntry Readme.md
205 silly gunzTarPerm extractEntry Makefile
206 silly gunzTarPerm extractEntry .travis.yml
207 silly gunzTarPerm extractEntry lib/client.js
208 silly gunzTarPerm extractEntry lib/index.js
209 silly gunzTarPerm extractEntry lib/namespace.js
210 silly gunzTarPerm extractEntry lib/socket.js
211 silly gunzTarPerm extractEntry History.md
212 silly gunzTarPerm modified mode [ 'History.md', 384, 420 ]
213 silly gunzTarPerm extractEntry lib/index.js
214 silly gunzTarPerm extractEntry lib/middleware/
215 silly gunzTarPerm extractEntry wscript
216 silly gunzTarPerm extractEntry src/microtime.cc
217 silly gunzTarPerm extractEntry lib/middleware/echo.js
218 silly gunzTarPerm extractEntry lib/middleware/errorHandler.js
219 silly gunzTarPerm extractEntry lib/middleware/json.js
220 silly gunzTarPerm extractEntry lib/middleware/profiler.js
221 silly gunzTarPerm extractEntry lib/proto.js
222 silly gunzTarPerm extractEntry lib/utils.js
223 silly gunzTarPerm extractEntry nbproject/
224 silly gunzTarPerm extractEntry nbproject/private/
225 silly gunzTarPerm extractEntry nbproject/private/private.properties
226 silly gunzTarPerm extractEntry nbproject/project.properties
227 silly gunzTarPerm extractEntry nbproject/project.xml
228 silly gunzTarPerm extractEntry package.json
229 silly gunzTarPerm extractEntry scripts/
230 silly gunzTarPerm extractEntry scripts/lint
231 silly gentlyRm /home/demathieu/Ewallet/node_modules/.staging/microtime-b3755539/node_modules is being purged
232 verbose gentlyRm don't care about contents; nuking /home/demathieu/Ewallet/node_modules/.staging/microtime-b3755539/node_modules
233 silly gentlyRm /home/demathieu/Ewallet/node_modules/.staging/socket.io-210e1196/node_modules is being purged
234 verbose gentlyRm don't care about contents; nuking /home/demathieu/Ewallet/node_modules/.staging/socket.io-210e1196/node_modules
235 silly gentlyRm /home/demathieu/Ewallet/node_modules/.staging/socket-7466679d/node_modules is being purged
236 verbose gentlyRm don't care about contents; nuking /home/demathieu/Ewallet/node_modules/.staging/socket-7466679d/node_modules
237 silly doParallel preinstall 3
238 silly preinstall microtime@0.2.0 /home/demathieu/Ewallet/node_modules/.staging/microtime-b3755539
239 info lifecycle microtime@0.2.0~preinstall: microtime@0.2.0
240 silly preinstall socket@0.0.1 /home/demathieu/Ewallet/node_modules/.staging/socket-7466679d
241 info lifecycle socket@0.0.1~preinstall: socket@0.0.1
242 silly preinstall socket.io@1.4.6 /home/demathieu/Ewallet/node_modules/.staging/socket.io-210e1196
243 info lifecycle socket.io@1.4.6~preinstall: socket.io@1.4.6
244 silly lifecycle microtime@0.2.0~preinstall: no script for preinstall, continuing
245 silly lifecycle socket@0.0.1~preinstall: no script for preinstall, continuing
246 silly lifecycle socket.io@1.4.6~preinstall: no script for preinstall, continuing
247 silly doReverseSerial remove 0
248 silly doSerial move 0
249 silly doSerial finalize 3
250 silly finalize /home/demathieu/Ewallet/node_modules/microtime
251 silly finalize /home/demathieu/Ewallet/node_modules/socket
252 silly finalize /home/demathieu/Ewallet/node_modules/socket.io
253 silly doSerial build 3
254 silly build microtime@0.2.0
255 info linkStuff microtime@0.2.0
256 silly linkStuff microtime@0.2.0 has /home/demathieu/Ewallet/node_modules as its parent node_modules
257 verbose linkBins microtime@0.2.0
258 verbose linkMans microtime@0.2.0
259 silly build socket@0.0.1
260 info linkStuff socket@0.0.1
261 silly linkStuff socket@0.0.1 has /home/demathieu/Ewallet/node_modules as its parent node_modules
262 verbose linkBins socket@0.0.1
263 verbose linkMans socket@0.0.1
264 silly build socket.io@1.4.6
265 info linkStuff socket.io@1.4.6
266 silly linkStuff socket.io@1.4.6 has /home/demathieu/Ewallet/node_modules as its parent node_modules
267 verbose linkBins socket.io@1.4.6
268 verbose linkMans socket.io@1.4.6
269 silly doSerial global-link 0
270 silly doParallel update-linked 0
271 silly doSerial install 3
272 silly install microtime@0.2.0 /home/demathieu/Ewallet/node_modules/.staging/microtime-b3755539
273 info lifecycle microtime@0.2.0~install: microtime@0.2.0
274 verbose lifecycle microtime@0.2.0~install: unsafe-perm in lifecycle false
275 verbose lifecycle microtime@0.2.0~install: PATH: /usr/lib/node_modules/npm/bin/node-gyp-bin:/home/demathieu/Ewallet/node_modules/microtime/node_modules/.bin:/home/demathieu/Ewallet/node_modules/.bin:/usr/bin:/usr/local/sbin:/usr/local/bin:/usr/sbin:/usr/bin:/sbin:/bin
276 verbose lifecycle microtime@0.2.0~install: CWD: /home/demathieu/Ewallet/node_modules/microtime
277 silly lifecycle microtime@0.2.0~install: Args: [ '-c', 'node-waf configure build' ]
278 info lifecycle microtime@0.2.0~install: Failed to exec install script
279 verbose unlock done using /home/demathieu/.npm/_locks/staging-808fa8b603d34e0c.lock for /home/demathieu/Ewallet/node_modules/.staging
280 silly rollbackFailedOptional Starting
281 silly rollbackFailedOptional Finishing
282 silly runTopLevelLifecycles Starting
283 silly runTopLevelLifecycles Finishing
284 silly install printInstalled
285 warn enoent ENOENT: no such file or directory, open '/home/demathieu/Ewallet/package.json'
286 warn Ewallet No description
287 warn Ewallet No repository field.
288 warn Ewallet No README data
289 warn Ewallet No license field.
290 verbose stack Error: microtime@0.2.0 install: `node-waf configure build`
290 verbose stack spawn ENOENT
290 verbose stack     at ChildProcess.<anonymous> (/usr/lib/node_modules/npm/lib/utils/spawn.js:17:16)
290 verbose stack     at emitTwo (events.js:106:13)
290 verbose stack     at ChildProcess.emit (events.js:191:7)
290 verbose stack     at maybeClose (internal/child_process.js:850:16)
290 verbose stack     at Process.ChildProcess._handle.onexit (internal/child_process.js:215:5)
291 verbose pkgid microtime@0.2.0
292 verbose cwd /home/demathieu/Ewallet
293 error Linux 3.19.0-32-generic
294 error argv "/usr/bin/nodejs" "/usr/bin/npm" "install" "socket"
295 error node v6.0.0
296 error npm  v3.8.6
297 error file sh
298 error code ELIFECYCLE
299 error errno ENOENT
300 error syscall spawn
301 error microtime@0.2.0 install: `node-waf configure build`
301 error spawn ENOENT
302 error Failed at the microtime@0.2.0 install script 'node-waf configure build'.
302 error Make sure you have the latest version of node.js and npm installed.
302 error If you do, this is most likely a problem with the microtime package,
302 error not with npm itself.
302 error Tell the author that this fails on your system:
302 error     node-waf configure build
302 error You can get information on how to open an issue for this project with:
302 error     npm bugs microtime
302 error Or if that isn't available, you can get their info via:
302 error     npm owner ls microtime
302 error There is likely additional logging output above.
303 verbose exit [ 1, true ]
